  [1m[35m (1.4ms)[0m  [1m[35mCREATE TABLE "schema_migrations" ("version" varchar NOT NULL PRIMARY KEY)[0m
  [1m[35m (1.3ms)[0m  [1m[35mCREATE TABLE "ar_internal_metadata" ("key" varchar NOT NULL PRIMARY KEY, "value" varchar, "created_at" datetime NOT NULL, "updated_at" datetime NOT NULL)[0m
  [1m[36mActiveRecord::SchemaMigration Load (0.2ms)[0m  [1m[34mSELECT "schema_migrations".* FROM "schema_migrations"[0m
Migrating to CreateRecipes (20170711090217)
  [1m[35m (0.1ms)[0m  [1m[36mbegin transaction[0m
  [1m[35m (0.4ms)[0m  [1m[35mCREATE TABLE "recipes" ("id" INTEGER PRIMARY KEY AUTOINCREMENT NOT NULL, "tittle" varchar, "instructions" text, "created_at" datetime NOT NULL, "updated_at" datetime NOT NULL)[0m
  [1m[35mSQL (0.1ms)[0m  [1m[32mINSERT INTO "schema_migrations" ("version") VALUES (?)[0m  [["version", "20170711090217"]]
  [1m[35m (1.1ms)[0m  [1m[36mcommit transaction[0m
  [1m[36mActiveRecord::InternalMetadata Load (0.1ms)[0m  [1m[34mSELECT  "ar_internal_metadata".* FROM "ar_internal_metadata" WHERE "ar_internal_metadata"."key" = ? LIMIT ?[0m  [["key", "environment"], ["LIMIT", 1]]
  [1m[35m (0.0ms)[0m  [1m[36mbegin transaction[0m
  [1m[35mSQL (0.3ms)[0m  [1m[32mINSERT INTO "ar_internal_metadata" ("key", "value", "created_at", "updated_at") VALUES (?, ?, ?, ?)[0m  [["key", "environment"], ["value", "development"], ["created_at", "2017-07-11 09:02:24.978172"], ["updated_at", "2017-07-11 09:02:24.978172"]]
  [1m[35m (1.1ms)[0m  [1m[36mcommit transaction[0m
  [1m[36mActiveRecord::SchemaMigration Load (0.1ms)[0m  [1m[34mSELECT "schema_migrations".* FROM "schema_migrations"[0m
Started GET "/recipes" for 127.0.0.1 at 2017-07-11 18:02:34 +0900
  [1m[36mActiveRecord::SchemaMigration Load (0.1ms)[0m  [1m[34mSELECT "schema_migrations".* FROM "schema_migrations"[0m
Processing by RecipesController#index as HTML
  Rendering recipes/index.html.erb within layouts/application
  [1m[36mRecipe Load (0.2ms)[0m  [1m[34mSELECT "recipes".* FROM "recipes"[0m
  Rendered recipes/index.html.erb within layouts/application (7.5ms)
Completed 200 OK in 829ms (Views: 812.0ms | ActiveRecord: 0.4ms)


Started GET "/recipes/new" for 127.0.0.1 at 2017-07-11 18:02:37 +0900
Processing by RecipesController#new as HTML
  Rendering recipes/new.html.erb within layouts/application
  Rendered recipes/_form.html.erb (27.1ms)
  Rendered recipes/new.html.erb within layouts/application (30.6ms)
Completed 200 OK in 73ms (Views: 57.8ms | ActiveRecord: 0.9ms)


Started POST "/recipes" for 127.0.0.1 at 2017-07-11 18:02:40 +0900
Processing by RecipesController#create as HTML
  Parameters: {"utf8"=>"✓", "authenticity_token"=>"IvZVaDMdTAorIHTikLo4eDwOT2KMPShV+uKOFA0n7Iqk50Gx8/U+S+kpnycpsoHtJH5IPg/DBa6PpbEnozN0Dg==", "recipe"=>{"tittle"=>"da", "instructions"=>"da"}, "commit"=>"Create Recipe"}
  [1m[35m (0.1ms)[0m  [1m[36mbegin transaction[0m
  [1m[35mSQL (0.4ms)[0m  [1m[32mINSERT INTO "recipes" ("tittle", "instructions", "created_at", "updated_at") VALUES (?, ?, ?, ?)[0m  [["tittle", "da"], ["instructions", "da"], ["created_at", "2017-07-11 09:02:40.637090"], ["updated_at", "2017-07-11 09:02:40.637090"]]
  [1m[35m (0.7ms)[0m  [1m[36mcommit transaction[0m
Redirected to http://localhost:3000/recipes/1
Completed 302 Found in 6ms (ActiveRecord: 1.2ms)


Started GET "/recipes/1" for 127.0.0.1 at 2017-07-11 18:02:40 +0900
Processing by RecipesController#show as HTML
  Parameters: {"id"=>"1"}
  [1m[36mRecipe Load (0.5ms)[0m  [1m[34mSELECT  "recipes".* FROM "recipes" WHERE "recipes"."id" = ? LIMIT ?[0m  [["id", 1], ["LIMIT", 1]]
  Rendering recipes/show.html.erb within layouts/application
  Rendered recipes/show.html.erb within layouts/application (1.7ms)
Completed 200 OK in 63ms (Views: 53.0ms | ActiveRecord: 0.5ms)


Started GET "/recipes" for 127.0.0.1 at 2017-07-11 18:02:42 +0900
Processing by RecipesController#index as HTML
  Rendering recipes/index.html.erb within layouts/application
  [1m[36mRecipe Load (0.2ms)[0m  [1m[34mSELECT "recipes".* FROM "recipes"[0m
  Rendered recipes/index.html.erb within layouts/application (4.0ms)
Completed 200 OK in 54ms (Views: 51.5ms | ActiveRecord: 0.2ms)


Started DELETE "/recipes/1" for 127.0.0.1 at 2017-07-11 18:02:45 +0900
Processing by RecipesController#destroy as HTML
  Parameters: {"authenticity_token"=>"JGrhOc0BZM8IcXwKqXGSNkeSHVFxZXAGoJrd/CDQHE7ZZ52Liq8iheQh/jHjtxqVoAi8LR9rPNuB4uyWS8Hqaw==", "id"=>"1"}
  [1m[36mRecipe Load (0.1ms)[0m  [1m[34mSELECT  "recipes".* FROM "recipes" WHERE "recipes"."id" = ? LIMIT ?[0m  [["id", 1], ["LIMIT", 1]]
  [1m[35m (0.1ms)[0m  [1m[36mbegin transaction[0m
  [1m[35mSQL (1.4ms)[0m  [1m[31mDELETE FROM "recipes" WHERE "recipes"."id" = ?[0m  [["id", 1]]
  [1m[35m (0.7ms)[0m  [1m[36mcommit transaction[0m
Redirected to http://localhost:3000/recipes
Completed 302 Found in 6ms (ActiveRecord: 2.3ms)


Started GET "/recipes" for 127.0.0.1 at 2017-07-11 18:02:45 +0900
Processing by RecipesController#index as HTML
  Rendering recipes/index.html.erb within layouts/application
  [1m[36mRecipe Load (0.2ms)[0m  [1m[34mSELECT "recipes".* FROM "recipes"[0m
  Rendered recipes/index.html.erb within layouts/application (2.0ms)
Completed 200 OK in 52ms (Views: 48.9ms | ActiveRecord: 0.2ms)


